2020/05/11 10:29:32 にビルドを開始しました。
     1>ノード 2 上のプロジェクト "C:\Kuroda\CreateYaml2Image\CreateYaml2Image\CreateYaml2Image.vcxproj" (Rebuild ターゲット)。
     1>ClCompile:
         C:\Program Files (x86)\Microsoft Visual Studio 12.0\VC\bin\CL.exe /c /ZI /nologo /W3 /WX- /Od /Oy- /D WIN32 /D _DEBUG /D _CONSOLE /D _LIB /D _UNICODE /D UNICODE /Gm /EHsc /RTC1 /MDd /GS /fp:precise /Zc:wchar_t /Zc:forScope /Fo"Debug\\" /Fd"Debug\vc120.pdb" /Gd /TP /analyze- /errorReport:prompt Common.cpp Main.cpp YamlDraw.cpp YamlReadSet.cpp
         YamlReadSet.cpp
         YamlDraw.cpp
     1>c:\kuroda\createyaml2image\createyaml2image\yamldraw.cpp(9): warning C4101: 'eey' : ローカル変数は 1 度も使われていません。
     1>c:\kuroda\createyaml2image\createyaml2image\yamldraw.cpp(9): warning C4101: 'ssy' : ローカル変数は 1 度も使われていません。
         Main.cpp
         Common.cpp
         コードを生成中...
       Link:
         C:\Program Files (x86)\Microsoft Visual Studio 12.0\VC\bin\link.exe /ERRORREPORT:PROMPT /OUT:"C:\Kuroda\CreateYaml2Image\Debug\CreateYaml2Image.exe" /INCREMENTAL /NOLOGO kernel32.lib user32.lib gdi32.lib winspool.lib comdlg32.lib advapi32.lib shell32.lib ole32.lib oleaut32.lib uuid.lib odbc32.lib odbccp32.lib /MANIFEST /MANIFESTUAC:"level='asInvoker' uiAccess='false'" /manifest:embed /DEBUG /PDB:"C:\Kuroda\CreateYaml2Image\Debug\CreateYaml2Image.pdb" /SUBSYSTEM:CONSOLE /TLBID:1 /DYNAMICBASE /NXCOMPAT /IMPLIB:"C:\Kuroda\CreateYaml2Image\Debug\CreateYaml2Image.lib" /MACHINE:X86 Debug\Common.obj
         Debug\Main.obj
         Debug\YamlDraw.obj
         Debug\YamlReadSet.obj
         CreateYaml2Image.vcxproj -> C:\Kuroda\CreateYaml2Image\Debug\CreateYaml2Image.exe
     1>プロジェクト "C:\Kuroda\CreateYaml2Image\CreateYaml2Image\CreateYaml2Image.vcxproj" (Rebuild ターゲット) のビルドが完了しました。

ビルドに成功しました。

経過時間 00:00:00.99
