c:\kuroda\createyaml2image\createyaml2image\debug\vc120.pdb
c:\kuroda\createyaml2image\createyaml2image\debug\vc120.idb
c:\kuroda\createyaml2image\createyaml2image\debug\common.obj
c:\kuroda\createyaml2image\createyaml2image\debug\main.obj
c:\kuroda\createyaml2image\createyaml2image\debug\yamldraw.obj
c:\kuroda\createyaml2image\createyaml2image\debug\yamlreadset.obj
c:\kuroda\createyaml2image\debug\createyaml2image.ilk
c:\kuroda\createyaml2image\debug\createyaml2image.exe
c:\kuroda\createyaml2image\debug\createyaml2image.pdb
c:\download\kuroda_test\createyaml2image\createyaml2image\debug\common.obj
c:\download\kuroda_test\createyaml2image\createyaml2image\debug\main.obj
c:\download\kuroda_test\createyaml2image\createyaml2image\debug\yamldraw.obj
c:\download\kuroda_test\createyaml2image\createyaml2image\debug\yamlreadset.obj
c:\download\kuroda_test\createyaml2image\createyaml2image\debug\vc120.idb
c:\download\kuroda_test\createyaml2image\createyaml2image\debug\vc120.pdb
c:\download\kuroda_test\createyaml2image\debug\createyaml2image.pdb
c:\download\kuroda_test\createyaml2image\debug\createyaml2image.exe
c:\download\kuroda_test\createyaml2image\debug\createyaml2image.ilk
c:\download\kuroda_test\createyaml2image\createyaml2image\debug\createyaml2image.tlog\cl.command.1.tlog
c:\download\kuroda_test\createyaml2image\createyaml2image\debug\createyaml2image.tlog\cl.read.1.tlog
c:\download\kuroda_test\createyaml2image\createyaml2image\debug\createyaml2image.tlog\cl.write.1.tlog
c:\download\kuroda_test\createyaml2image\createyaml2image\debug\createyaml2image.tlog\link.command.1.tlog
c:\download\kuroda_test\createyaml2image\createyaml2image\debug\createyaml2image.tlog\link.read.1.tlog
c:\download\kuroda_test\createyaml2image\createyaml2image\debug\createyaml2image.tlog\link.write.1.tlog
